<?xml version="1.0" encoding="UTF-8"?>
<!-- Generated by org.testng.reporters.JUnitReportReporter -->
<testsuite skipped="0" hostname="pgandhi-mbp" name="com.selenium.SeleniumDemo.ShreeKrishnaSharanamaMamah" tests="1" failures="0" timestamp="22 Sep 2017 06:16:23 GMT" time="20.047" errors="0">
  <testcase name="testSelenium" time="20.047" classname="com.selenium.SeleniumDemo.ShreeKrishnaSharanamaMamah"/>
</testsuite> <!-- com.selenium.SeleniumDemo.ShreeKrishnaSharanamaMamah -->
